[debug] [2026-02-05T01:24:27.523Z] ----------------------------------------------------------------------
[debug] [2026-02-05T01:24:27.525Z] Command:       C:\Program Files\nodejs\node.exe C:\Users\Noxi-PC\AppData\Roaming\npm\node_modules\firebase-tools\lib\bin\firebase.js deploy
[debug] [2026-02-05T01:24:27.525Z] CLI Version:   15.4.0
[debug] [2026-02-05T01:24:27.526Z] Platform:      win32
[debug] [2026-02-05T01:24:27.526Z] Node Version:  v24.13.0
[debug] [2026-02-05T01:24:27.526Z] Time:          Wed Feb 04 2026 22:24:27 GMT-0300 (hora estándar de Argentina)
[debug] [2026-02-05T01:24:27.526Z] ----------------------------------------------------------------------
[debug] 
[debug] [2026-02-05T01:24:28.682Z] > command requires scopes: ["email","openid","https://www.googleapis.com/auth/cloudplatformprojects.readonly","https://www.googleapis.com/auth/firebase","https://www.googleapis.com/auth/cloud-platform"]
[debug] [2026-02-05T01:24:28.682Z] > authorizing via signed-in user (ligalifepar@gmail.com)
[debug] [2026-02-05T01:24:28.682Z] [iam] checking project web-lifepar for permissions ["firebase.projects.get","firebasedatabase.instances.update","firebasehosting.sites.update"]
[debug] [2026-02-05T01:24:28.683Z] Checked if tokens are valid: true, expires at: 1770257662240
[debug] [2026-02-05T01:24:28.683Z] Checked if tokens are valid: true, expires at: 1770257662240
[debug] [2026-02-05T01:24:28.684Z] >>> [apiv2][query] POST https://cloudresourcemanager.googleapis.com/v1/projects/web-lifepar:testIamPermissions [none]
[debug] [2026-02-05T01:24:28.684Z] >>> [apiv2][(partial)header] POST https://cloudresourcemanager.googleapis.com/v1/projects/web-lifepar:testIamPermissions x-goog-quota-user=projects/web-lifepar
[debug] [2026-02-05T01:24:28.684Z] >>> [apiv2][body] POST https://cloudresourcemanager.googleapis.com/v1/projects/web-lifepar:testIamPermissions {"permissions":["firebase.projects.get","firebasedatabase.instances.update","firebasehosting.sites.update"]}
[debug] [2026-02-05T01:24:29.651Z] <<< [apiv2][status] POST https://cloudresourcemanager.googleapis.com/v1/projects/web-lifepar:testIamPermissions 200
[debug] [2026-02-05T01:24:29.652Z] <<< [apiv2][body] POST https://cloudresourcemanager.googleapis.com/v1/projects/web-lifepar:testIamPermissions {"permissions":["firebase.projects.get","firebasedatabase.instances.update","firebasehosting.sites.update"]}
[debug] [2026-02-05T01:24:29.652Z] Checked if tokens are valid: true, expires at: 1770257662240
[debug] [2026-02-05T01:24:29.652Z] Checked if tokens are valid: true, expires at: 1770257662240
[debug] [2026-02-05T01:24:29.652Z] >>> [apiv2][query] GET https://firebase.googleapis.com/v1beta1/projects/web-lifepar [none]
[debug] [2026-02-05T01:24:30.071Z] <<< [apiv2][status] GET https://firebase.googleapis.com/v1beta1/projects/web-lifepar 200
[debug] [2026-02-05T01:24:30.071Z] <<< [apiv2][body] GET https://firebase.googleapis.com/v1beta1/projects/web-lifepar {"projectId":"web-lifepar","projectNumber":"140850288146","displayName":"WEB LIFEPAR","name":"projects/web-lifepar","resources":{"hostingSite":"web-lifepar","realtimeDatabaseInstance":"web-lifepar-default-rtdb"},"state":"ACTIVE","etag":"1_ae760adc-affa-4b43-81fa-910867f066d4"}
[debug] [2026-02-05T01:24:30.071Z] Checked if tokens are valid: true, expires at: 1770257662240
[debug] [2026-02-05T01:24:30.071Z] Checked if tokens are valid: true, expires at: 1770257662240
[debug] [2026-02-05T01:24:30.071Z] >>> [apiv2][query] GET https://firebase.googleapis.com/v1beta1/projects/web-lifepar [none]
[debug] [2026-02-05T01:24:30.342Z] <<< [apiv2][status] GET https://firebase.googleapis.com/v1beta1/projects/web-lifepar 200
[debug] [2026-02-05T01:24:30.342Z] <<< [apiv2][body] GET https://firebase.googleapis.com/v1beta1/projects/web-lifepar {"projectId":"web-lifepar","projectNumber":"140850288146","displayName":"WEB LIFEPAR","name":"projects/web-lifepar","resources":{"hostingSite":"web-lifepar","realtimeDatabaseInstance":"web-lifepar-default-rtdb"},"state":"ACTIVE","etag":"1_ae760adc-affa-4b43-81fa-910867f066d4"}
[info] 
[info] === Deploying to 'web-lifepar'...
[info] 
[info] i  deploying database, hosting 
[info] i  database: checking rules syntax... 
[debug] [2026-02-05T01:24:30.346Z] Checked if tokens are valid: true, expires at: 1770257662240
[debug] [2026-02-05T01:24:30.346Z] Checked if tokens are valid: true, expires at: 1770257662240
[debug] [2026-02-05T01:24:30.346Z] >>> [apiv2][query] GET https://firebasedatabase.googleapis.com/v1beta/projects/web-lifepar/locations/-/instances/web-lifepar-default-rtdb [none]
[debug] [2026-02-05T01:24:31.445Z] <<< [apiv2][status] GET https://firebasedatabase.googleapis.com/v1beta/projects/web-lifepar/locations/-/instances/web-lifepar-default-rtdb 200
[debug] [2026-02-05T01:24:31.445Z] <<< [apiv2][body] GET https://firebasedatabase.googleapis.com/v1beta/projects/web-lifepar/locations/-/instances/web-lifepar-default-rtdb {"name":"projects/140850288146/locations/us-central1/instances/web-lifepar-default-rtdb","project":"projects/140850288146","databaseUrl":"https://web-lifepar-default-rtdb.firebaseio.com","type":"DEFAULT_DATABASE","state":"ACTIVE"}
[debug] [2026-02-05T01:24:31.445Z] Checked if tokens are valid: true, expires at: 1770257662240
[debug] [2026-02-05T01:24:31.445Z] Checked if tokens are valid: true, expires at: 1770257662240
[debug] [2026-02-05T01:24:31.446Z] >>> [apiv2][query] PUT https://web-lifepar-default-rtdb.firebaseio.com/.settings/rules.json dryRun=true
[debug] [2026-02-05T01:24:31.446Z] >>> [apiv2][body] PUT https://web-lifepar-default-rtdb.firebaseio.com/.settings/rules.json "{\r\n  \"rules\": {\r\n    \"listaBlanca\": {\r\n      \".read\": true,\r\n      \".write\": false\r\n    },\r\n    \"CLUBES\": {\r\n      \".read\": \"auth != null && root.child('listaBlanca').child(auth.token.email.replace('.', '_')).exists()\",\r\n      \".write\": \"auth != null && root.child('listaBlanca').child(auth.token.email.replace('.', '_')).exists()\"\r\n    },\r\n    \"INSCRIPCIONES\": {\r\n      \".read\": \"auth != null && root.child('listaBlanca').child(auth.token.email.replace('.', '_')).exists()\",\r\n      \".write\": \"auth != null && root.child('listaBlanca').child(auth.token.email.replace('.', '_')).exists()\"\r\n    },\r\n    \"INSCRIPCIONES_CLINICAS\": {\r\n      \".read\": \"auth != null && root.child('listaBlanca').child(auth.token.email.replace('.', '_')).exists()\",\r\n      \".write\": \"auth != null && root.child('listaBlanca').child(auth.token.email.replace('.', '_')).exists()\"\r\n    },\r\n    \"PROFESORES\": {\r\n      \".read\": \"auth != null && root.child('listaBlanca').child(auth.token.email.replace('.', '_')).exists()\",\r\n      \".write\": \"auth != null && root.child('listaBlanca').child(auth.token.email.replace('.', '_')).exists()\"\r\n    },\r\n    \"USUARIOS\": {\r\n      \".read\": \"auth != null && root.child('listaBlanca').child(auth.token.email.replace('.', '_')).exists()\",\r\n      \".write\": \"auth != null && root.child('listaBlanca').child(auth.token.email.replace('.', '_')).exists()\"\r\n    },\r\n    \"WHITELIST\": {\r\n      \".read\": \"auth != null && root.child('listaBlanca').child(auth.token.email.replace('.', '_')).exists()\",\r\n      \".write\": \"auth != null && root.child('listaBlanca').child(auth.token.email.replace('.', '_')).exists()\"\r\n    },\r\n    \"ZONAS\": {\r\n      \".read\": \"auth != null && root.child('listaBlanca').child(auth.token.email.replace('.', '_')).exists()\",\r\n      \".write\": \"auth != null && root.child('listaBlanca').child(auth.token.email.replace('.', '_')).exists()\",\r\n      \"ZONA_1\": { \".indexOn\": [\"mailProfe\"] },\r\n      \"ZONA_2\": { \".indexOn\": [\"mailProfe\"] },\r\n      \"ZONA_3\": { \".indexOn\": [\"mailProfe\"] },\r\n      \"ZONA_4\": { \".indexOn\": [\"mailProfe\"] },\r\n      \"ZONA_5\": { \".indexOn\": [\"mailProfe\"] },\r\n      \"ZONA_6\": { \".indexOn\": [\"mailProfe\"] }\r\n    },\r\n    \"notificaciones\": {\r\n      \"$uid\": {\r\n        \".read\": \"auth != null && (auth.uid === $uid || root.child('listaBlanca').child(auth.token.email.replace('.', '_')).exists())\",\r\n        \".write\": \"auth != null && (auth.uid === $uid || root.child('listaBlanca').child(auth.token.email.replace('.', '_')).exists())\"\r\n      }\r\n    }\r\n  }\r\n}\r\n"
[debug] [2026-02-05T01:24:31.896Z] <<< [apiv2][status] PUT https://web-lifepar-default-rtdb.firebaseio.com/.settings/rules.json 200
[debug] [2026-02-05T01:24:31.896Z] <<< [apiv2][body] PUT https://web-lifepar-default-rtdb.firebaseio.com/.settings/rules.json {"status":"ok"}
[info] +  database: rules syntax for database web-lifepar-default-rtdb is valid 
[debug] [2026-02-05T01:24:31.898Z] Checked if tokens are valid: true, expires at: 1770257662240
[debug] [2026-02-05T01:24:31.898Z] Checked if tokens are valid: true, expires at: 1770257662240
[debug] [2026-02-05T01:24:31.899Z] >>> [apiv2][query] POST https://firebasehosting.googleapis.com/v1beta1/projects/-/sites/web-lifepar/versions [none]
[debug] [2026-02-05T01:24:31.899Z] >>> [apiv2][body] POST https://firebasehosting.googleapis.com/v1beta1/projects/-/sites/web-lifepar/versions {"status":"CREATED","labels":{"deployment-tool":"cli-firebase"}}
